<?xml version="1.0" encoding="UTF-8"?>
<testng-results total="4" passed="4" failed="0" skipped="0">
  <reporter-output>
  </reporter-output>
  <suite started-at="2025-04-09T05:23:55Z" name="Suite" finished-at="2025-04-09T05:23:55Z" duration-ms="49">
    <groups>
    </groups>
    <test started-at="2025-04-09T05:23:55Z" name="Test1" finished-at="2025-04-09T05:23:55Z" duration-ms="49">
      <class name="pack1.ContactTest">
        <test-method signature="createcontacttest()[pri:0, instance:pack1.ContactTest@71687585]" started-at="2025-04-09T10:53:55Z" name="createcontacttest" finished-at="2025-04-09T10:53:55Z" duration-ms="22" status="PASS">
          <reporter-output>
          </reporter-output>
        </test-method> <!-- createcontacttest -->
        <test-method signature="modifycontacttest()[pri:0, instance:pack1.ContactTest@71687585]" started-at="2025-04-09T10:53:55Z" name="modifycontacttest" finished-at="2025-04-09T10:53:55Z" duration-ms="2" status="PASS">
          <reporter-output>
          </reporter-output>
        </test-method> <!-- modifycontacttest -->
      </class> <!-- pack1.ContactTest -->
      <class name="pack2.OrgTest">
        <test-method signature="createorgtest()[pri:0, instance:pack2.OrgTest@47caedad]" started-at="2025-04-09T10:53:55Z" name="createorgtest" finished-at="2025-04-09T10:53:55Z" duration-ms="1" status="PASS">
          <reporter-output>
          </reporter-output>
        </test-method> <!-- createorgtest -->
        <test-method signature="modifyorgtest()[pri:0, instance:pack2.OrgTest@47caedad]" started-at="2025-04-09T10:53:55Z" name="modifyorgtest" finished-at="2025-04-09T10:53:55Z" duration-ms="1" status="PASS">
          <reporter-output>
          </reporter-output>
        </test-method> <!-- modifyorgtest -->
      </class> <!-- pack2.OrgTest -->
    </test> <!-- Test1 -->
  </suite> <!-- Suite -->
</testng-results>
