<?xml version="1.0" encoding="UTF-8"?>
<testng-results ignored="0" total="4" passed="4" failed="0" skipped="0">
  <reporter-output>
  </reporter-output>
  <suite started-at="2025-04-09T11:34:11 IST" name="Suite" finished-at="2025-04-09T11:34:11 IST" duration-ms="62">
    <groups>
    </groups>
    <test started-at="2025-04-09T11:34:11 IST" name="Test1" finished-at="2025-04-09T11:34:11 IST" duration-ms="62">
      <class name="pack2.OrgTest">
        <test-method signature="createorgtest()[pri:0, instance:pack2.OrgTest@243c4f91]" started-at="2025-04-09T11:34:11 IST" name="createorgtest" finished-at="2025-04-09T11:34:11 IST" duration-ms="0" status="PASS">
          <reporter-output>
          </reporter-output>
        </test-method> <!-- createorgtest -->
        <test-method signature="modifyorgtest()[pri:0, instance:pack2.OrgTest@243c4f91]" started-at="2025-04-09T11:34:11 IST" name="modifyorgtest" finished-at="2025-04-09T11:34:11 IST" duration-ms="0" status="PASS">
          <reporter-output>
          </reporter-output>
        </test-method> <!-- modifyorgtest -->
      </class> <!-- pack2.OrgTest -->
      <class name="pack1.ContactTest">
        <test-method signature="createcontacttest()[pri:0, instance:pack1.ContactTest@41fbdac4]" started-at="2025-04-09T11:34:11 IST" name="createcontacttest" finished-at="2025-04-09T11:34:11 IST" duration-ms="9" status="PASS">
          <reporter-output>
          </reporter-output>
        </test-method> <!-- createcontacttest -->
        <test-method signature="modifycontacttest()[pri:0, instance:pack1.ContactTest@41fbdac4]" started-at="2025-04-09T11:34:11 IST" name="modifycontacttest" finished-at="2025-04-09T11:34:11 IST" duration-ms="1" status="PASS">
          <reporter-output>
          </reporter-output>
        </test-method> <!-- modifycontacttest -->
      </class> <!-- pack1.ContactTest -->
    </test> <!-- Test1 -->
  </suite> <!-- Suite -->
</testng-results>
