<?xml version="1.0" encoding="UTF-8"?>
<!-- Generated by org.testng.reporters.JUnitXMLReporter -->
<testsuite ignored="0" hostname="Manasa" failures="0" tests="4" name="Test1" time="0.062" errors="0" timestamp="2025-04-09T11:34:11 IST">
  <testcase classname="pack1.ContactTest" name="createcontacttest" time="0.009"/>
  <testcase classname="pack1.ContactTest" name="modifycontacttest" time="0.001"/>
  <testcase classname="pack2.OrgTest" name="createorgtest" time="0.0"/>
  <testcase classname="pack2.OrgTest" name="modifyorgtest" time="0.0"/>
</testsuite> <!-- Test1 -->
