<?xml version="1.0" encoding="UTF-8"?>
<!-- Generated by org.testng.reporters.JUnitXMLReporter -->
<testsuite hostname="Manasa" failures="0" tests="4" name="Test1" time="0.049" errors="0" timestamp="9 Apr 2025 05:23:55 GMT">
  <testcase classname="pack1.ContactTest" name="createcontacttest" time="0.022"/>
  <testcase classname="pack1.ContactTest" name="modifycontacttest" time="0.002"/>
  <testcase classname="pack2.OrgTest" name="createorgtest" time="0.001"/>
  <testcase classname="pack2.OrgTest" name="modifyorgtest" time="0.001"/>
</testsuite> <!-- Test1 -->
