<?xml version="1.0" encoding="UTF-8"?>
<!-- Generated by org.testng.reporters.JUnitXMLReporter -->
<testsuite hostname="Manasa" failures="0" tests="4" name="Test" time="0.047" errors="0" timestamp="9 Apr 2025 05:00:19 GMT">
  <testcase classname="pack1.ContactTest" name="createcontacttest" time="0.021"/>
  <testcase classname="pack1.ContactTest" name="modifycontacttest" time="0.002"/>
  <testcase classname="pack2.OrgTest" name="createorgtest" time="0.001"/>
  <testcase classname="pack2.OrgTest" name="modifyorgtest" time="0.001"/>
</testsuite> <!-- Test -->
